This file contains any messages produced by compilers while
running configure, to aid debugging if configure makes a mistake.

It was created by gtk_foobar configure 0.1, which was
generated by GNU Autoconf 2.68.  Invocation command line was

  $ /home/sgithens/code/gtk-foobar/configure --enable-maintainer-mode CFLAGS=-g -O0 CXXFLAGS=-g -O0 JFLAGS=-g -O0 FFLAGS=-g -O0

## --------- ##
## Platform. ##
## --------- ##

hostname = sgithens-Dell-DXP061
uname -m = i686
uname -r = 3.0.0-15-generic-pae
uname -s = Linux
uname -v = #26-Ubuntu SMP Fri Jan 20 17:07:31 UTC 2012

/usr/bin/uname -p = unknown
/bin/uname -X     = unknown

/bin/arch              = unknown
/usr/bin/arch -k       = unknown
/usr/convex/getsysinfo = unknown
/usr/bin/hostinfo      = unknown
/bin/machine           = unknown
/usr/bin/oslevel       = unknown
/bin/universe          = unknown

PATH: /home/sgithens/bin
PATH: /usr/lib/lightdm/lightdm
PATH: /usr/local/sbin
PATH: /usr/local/bin
PATH: /usr/sbin
PATH: /usr/bin
PATH: /sbin
PATH: /bin
PATH: /usr/games


## ----------- ##
## Core tests. ##
## ----------- ##

configure:2421: checking for a BSD-compatible install
configure:2489: result: /usr/bin/install -c
configure:2500: checking whether build environment is sane
configure:2550: result: yes
configure:2691: checking for a thread-safe mkdir -p
configure:2730: result: /bin/mkdir -p
configure:2743: checking for gawk
configure:2759: found /usr/bin/gawk
configure:2770: result: gawk
configure:2781: checking whether make sets $(MAKE)
configure:2803: result: yes
configure:2945: checking for gcc
configure:2961: found /usr/bin/gcc
configure:2972: result: gcc
configure:3201: checking for C compiler version
configure:3210: gcc --version >&5
gcc (Ubuntu/Linaro 4.6.1-9ubuntu3) 4.6.1
Copyright (C) 2011 Free Software Foundation, Inc.
This is free software; see the source for copying conditions.  There is NO
warranty; not even for MERCHANTABILITY or FITNESS FOR A PARTICULAR PURPOSE.

configure:3221: $? = 0
configure:3210: gcc -v >&5
Using built-in specs.
COLLECT_GCC=gcc
COLLECT_LTO_WRAPPER=/usr/lib/gcc/i686-linux-gnu/4.6.1/lto-wrapper
Target: i686-linux-gnu
Configured with: ../src/configure -v --with-pkgversion='Ubuntu/Linaro 4.6.1-9ubuntu3' --with-bugurl=file:///usr/share/doc/gcc-4.6/README.Bugs --enable-languages=c,c++,fortran,objc,obj-c++,go --prefix=/usr --program-suffix=-4.6 --enable-shared --enable-linker-build-id --with-system-zlib --libexecdir=/usr/lib --without-included-gettext --enable-threads=posix --with-gxx-include-dir=/usr/include/c++/4.6 --libdir=/usr/lib --enable-nls --with-sysroot=/ --enable-clocale=gnu --enable-libstdcxx-debug --enable-libstdcxx-time=yes --enable-plugin --enable-objc-gc --enable-targets=all --disable-werror --with-arch-32=i686 --with-tune=generic --enable-checking=release --build=i686-linux-gnu --host=i686-linux-gnu --target=i686-linux-gnu
Thread model: posix
gcc version 4.6.1 (Ubuntu/Linaro 4.6.1-9ubuntu3) 
configure:3221: $? = 0
configure:3210: gcc -V >&5
gcc: error: unrecognized option '-V'
gcc: fatal error: no input files
compilation terminated.
configure:3221: $? = 4
configure:3210: gcc -qversion >&5
gcc: error: unrecognized option '-qversion'
gcc: fatal error: no input files
compilation terminated.
configure:3221: $? = 4
configure:3241: checking whether the C compiler works
configure:3263: gcc -g -O0   conftest.c  >&5
configure:3267: $? = 0
configure:3315: result: yes
configure:3318: checking for C compiler default output file name
configure:3320: result: a.out
configure:3326: checking for suffix of executables
configure:3333: gcc -o conftest -g -O0   conftest.c  >&5
configure:3337: $? = 0
configure:3359: result: 
configure:3381: checking whether we are cross compiling
configure:3389: gcc -o conftest -g -O0   conftest.c  >&5
configure:3393: $? = 0
configure:3400: ./conftest
configure:3404: $? = 0
configure:3419: result: no
configure:3424: checking for suffix of object files
configure:3446: gcc -c -g -O0  conftest.c >&5
configure:3450: $? = 0
configure:3471: result: o
configure:3475: checking whether we are using the GNU C compiler
configure:3494: gcc -c -g -O0  conftest.c >&5
configure:3494: $? = 0
configure:3503: result: yes
configure:3512: checking whether gcc accepts -g
configure:3532: gcc -c -g  conftest.c >&5
configure:3532: $? = 0
configure:3573: result: yes
configure:3590: checking for gcc option to accept ISO C89
configure:3654: gcc  -c -g -O0  conftest.c >&5
configure:3654: $? = 0
configure:3667: result: none needed
configure:3698: checking for style of include used by make
configure:3726: result: GNU
configure:3751: checking dependency style of gcc
configure:3861: result: gcc3
configure:3883: checking how to run the C preprocessor
configure:3914: gcc -E  conftest.c
configure:3914: $? = 0
configure:3928: gcc -E  conftest.c
conftest.c:11:28: fatal error: ac_nonexistent.h: No such file or directory
compilation terminated.
configure:3928: $? = 1
configure: failed program was:
| /* confdefs.h */
| #define PACKAGE_NAME "gtk_foobar"
| #define PACKAGE_TARNAME "gtk_foobar"
| #define PACKAGE_VERSION "0.1"
| #define PACKAGE_STRING "gtk_foobar 0.1"
| #define PACKAGE_BUGREPORT ""
| #define PACKAGE_URL ""
| #define PACKAGE "gtk_foobar"
| #define VERSION "0.1"
| /* end confdefs.h.  */
| #include <ac_nonexistent.h>
configure:3953: result: gcc -E
configure:3973: gcc -E  conftest.c
configure:3973: $? = 0
configure:3987: gcc -E  conftest.c
conftest.c:11:28: fatal error: ac_nonexistent.h: No such file or directory
compilation terminated.
configure:3987: $? = 1
configure: failed program was:
| /* confdefs.h */
| #define PACKAGE_NAME "gtk_foobar"
| #define PACKAGE_TARNAME "gtk_foobar"
| #define PACKAGE_VERSION "0.1"
| #define PACKAGE_STRING "gtk_foobar 0.1"
| #define PACKAGE_BUGREPORT ""
| #define PACKAGE_URL ""
| #define PACKAGE "gtk_foobar"
| #define VERSION "0.1"
| /* end confdefs.h.  */
| #include <ac_nonexistent.h>
configure:4073: checking for g++
configure:4089: found /usr/bin/g++
configure:4100: result: g++
configure:4127: checking for C++ compiler version
configure:4136: g++ --version >&5
g++ (Ubuntu/Linaro 4.6.1-9ubuntu3) 4.6.1
Copyright (C) 2011 Free Software Foundation, Inc.
This is free software; see the source for copying conditions.  There is NO
warranty; not even for MERCHANTABILITY or FITNESS FOR A PARTICULAR PURPOSE.

configure:4147: $? = 0
configure:4136: g++ -v >&5
Using built-in specs.
COLLECT_GCC=g++
COLLECT_LTO_WRAPPER=/usr/lib/gcc/i686-linux-gnu/4.6.1/lto-wrapper
Target: i686-linux-gnu
Configured with: ../src/configure -v --with-pkgversion='Ubuntu/Linaro 4.6.1-9ubuntu3' --with-bugurl=file:///usr/share/doc/gcc-4.6/README.Bugs --enable-languages=c,c++,fortran,objc,obj-c++,go --prefix=/usr --program-suffix=-4.6 --enable-shared --enable-linker-build-id --with-system-zlib --libexecdir=/usr/lib --without-included-gettext --enable-threads=posix --with-gxx-include-dir=/usr/include/c++/4.6 --libdir=/usr/lib --enable-nls --with-sysroot=/ --enable-clocale=gnu --enable-libstdcxx-debug --enable-libstdcxx-time=yes --enable-plugin --enable-objc-gc --enable-targets=all --disable-werror --with-arch-32=i686 --with-tune=generic --enable-checking=release --build=i686-linux-gnu --host=i686-linux-gnu --target=i686-linux-gnu
Thread model: posix
gcc version 4.6.1 (Ubuntu/Linaro 4.6.1-9ubuntu3) 
configure:4147: $? = 0
configure:4136: g++ -V >&5
g++: error: unrecognized option '-V'
g++: fatal error: no input files
compilation terminated.
configure:4147: $? = 4
configure:4136: g++ -qversion >&5
g++: error: unrecognized option '-qversion'
g++: fatal error: no input files
compilation terminated.
configure:4147: $? = 4
configure:4151: checking whether we are using the GNU C++ compiler
configure:4170: g++ -c -g -O0  conftest.cpp >&5
configure:4170: $? = 0
configure:4179: result: yes
configure:4188: checking whether g++ accepts -g
configure:4208: g++ -c -g  conftest.cpp >&5
configure:4208: $? = 0
configure:4249: result: yes
configure:4274: checking dependency style of g++
configure:4384: result: gcc3
configure:4403: checking whether NLS is requested
configure:4412: result: yes
configure:4428: checking for intltool >= 0.35.0
configure:4435: result: 0.41.1 found
configure:4443: checking for intltool-update
configure:4461: found /usr/bin/intltool-update
configure:4473: result: /usr/bin/intltool-update
configure:4483: checking for intltool-merge
configure:4501: found /usr/bin/intltool-merge
configure:4513: result: /usr/bin/intltool-merge
configure:4523: checking for intltool-extract
configure:4541: found /usr/bin/intltool-extract
configure:4553: result: /usr/bin/intltool-extract
configure:4684: checking for xgettext
configure:4702: found /usr/bin/xgettext
configure:4714: result: /usr/bin/xgettext
configure:4724: checking for msgmerge
configure:4742: found /usr/bin/msgmerge
configure:4754: result: /usr/bin/msgmerge
configure:4764: checking for msgfmt
configure:4782: found /usr/bin/msgfmt
configure:4794: result: /usr/bin/msgfmt
configure:4804: checking for gmsgfmt
configure:4835: result: /usr/bin/msgfmt
configure:4855: checking for perl
configure:4873: found /usr/bin/perl
configure:4885: result: /usr/bin/perl
configure:4896: checking for perl >= 5.8.1
configure:4903: result: 5.12.4
configure:4907: checking for XML::Parser
configure:4910: result: ok
configure:4935: gcc -o conftest -g -O0   conftest.c  >&5
configure:4935: $? = 0
configure:4971: checking for grep that handles long lines and -e
configure:5029: result: /bin/grep
configure:5034: checking for egrep
configure:5096: result: /bin/grep -E
configure:5101: checking for ANSI C header files
configure:5121: gcc -c -g -O0  conftest.c >&5
configure:5121: $? = 0
configure:5194: gcc -o conftest -g -O0   conftest.c  >&5
configure:5194: $? = 0
configure:5194: ./conftest
configure:5194: $? = 0
configure:5205: result: yes
configure:5218: checking for sys/types.h
configure:5218: gcc -c -g -O0  conftest.c >&5
configure:5218: $? = 0
configure:5218: result: yes
configure:5218: checking for sys/stat.h
configure:5218: gcc -c -g -O0  conftest.c >&5
configure:5218: $? = 0
configure:5218: result: yes
configure:5218: checking for stdlib.h
configure:5218: gcc -c -g -O0  conftest.c >&5
configure:5218: $? = 0
configure:5218: result: yes
configure:5218: checking for string.h
configure:5218: gcc -c -g -O0  conftest.c >&5
configure:5218: $? = 0
configure:5218: result: yes
configure:5218: checking for memory.h
configure:5218: gcc -c -g -O0  conftest.c >&5
configure:5218: $? = 0
configure:5218: result: yes
configure:5218: checking for strings.h
configure:5218: gcc -c -g -O0  conftest.c >&5
configure:5218: $? = 0
configure:5218: result: yes
configure:5218: checking for inttypes.h
configure:5218: gcc -c -g -O0  conftest.c >&5
configure:5218: $? = 0
configure:5218: result: yes
configure:5218: checking for stdint.h
configure:5218: gcc -c -g -O0  conftest.c >&5
configure:5218: $? = 0
configure:5218: result: yes
configure:5218: checking for unistd.h
configure:5218: gcc -c -g -O0  conftest.c >&5
configure:5218: $? = 0
configure:5218: result: yes
configure:5233: checking locale.h usability
configure:5233: gcc -c -g -O0  conftest.c >&5
configure:5233: $? = 0
configure:5233: result: yes
configure:5233: checking locale.h presence
configure:5233: gcc -E  conftest.c
configure:5233: $? = 0
configure:5233: result: yes
configure:5233: checking for locale.h
configure:5233: result: yes
configure:5244: checking for LC_MESSAGES
configure:5260: gcc -o conftest -g -O0   conftest.c  >&5
configure:5260: $? = 0
configure:5268: result: yes
configure:5285: checking libintl.h usability
configure:5285: gcc -c -g -O0  conftest.c >&5
configure:5285: $? = 0
configure:5285: result: yes
configure:5285: checking libintl.h presence
configure:5285: gcc -E  conftest.c
configure:5285: $? = 0
configure:5285: result: yes
configure:5285: checking for libintl.h
configure:5285: result: yes
configure:5293: checking for ngettext in libc
configure:5311: gcc -o conftest -g -O0   conftest.c  >&5
configure:5311: $? = 0
configure:5320: result: yes
configure:5324: checking for dgettext in libc
configure:5342: gcc -o conftest -g -O0   conftest.c  >&5
configure:5342: $? = 0
configure:5351: result: yes
configure:5358: checking for bind_textdomain_codeset
configure:5358: gcc -o conftest -g -O0   conftest.c  >&5
configure:5358: $? = 0
configure:5358: result: yes
configure:5634: checking for msgfmt
configure:5661: result: /usr/bin/msgfmt
configure:5672: checking for dcgettext
configure:5672: gcc -o conftest -g -O0   conftest.c   >&5
conftest.c:49:6: warning: conflicting types for built-in function 'dcgettext' [enabled by default]
configure:5672: $? = 0
configure:5672: result: yes
configure:5682: checking if msgfmt accepts -c
configure:5697: $MSGFMT -c -o /dev/null conftest.foo
configure:5700: $? = 0
configure:5702: result: yes
configure:5712: checking for gmsgfmt
configure:5743: result: /usr/bin/msgfmt
configure:5753: checking for xgettext
configure:5780: result: /usr/bin/xgettext
configure:5799: gcc -o conftest -g -O0   conftest.c   >&5
configure:5799: $? = 0
configure:5966: checking build system type
configure:5980: result: i686-pc-linux-gnu
configure:6000: checking host system type
configure:6013: result: i686-pc-linux-gnu
configure:6054: checking how to print strings
configure:6081: result: printf
configure:6102: checking for a sed that does not truncate output
configure:6166: result: /bin/sed
configure:6184: checking for fgrep
configure:6246: result: /bin/grep -F
configure:6281: checking for ld used by gcc
configure:6348: result: /usr/bin/ld
configure:6355: checking if the linker (/usr/bin/ld) is GNU ld
configure:6370: result: yes
configure:6382: checking for BSD- or MS-compatible name lister (nm)
configure:6431: result: /usr/bin/nm -B
configure:6561: checking the name lister (/usr/bin/nm -B) interface
configure:6568: gcc -c -g -O0  conftest.c >&5
configure:6571: /usr/bin/nm -B "conftest.o"
configure:6574: output
00000000 B some_variable
configure:6581: result: BSD nm
configure:6584: checking whether ln -s works
configure:6588: result: yes
configure:6596: checking the maximum length of command line arguments
configure:6721: result: 1572864
configure:6738: checking whether the shell understands some XSI constructs
configure:6748: result: yes
configure:6752: checking whether the shell understands "+="
configure:6758: result: yes
configure:6793: checking how to convert i686-pc-linux-gnu file names to i686-pc-linux-gnu format
configure:6833: result: func_convert_file_noop
configure:6840: checking how to convert i686-pc-linux-gnu file names to toolchain format
configure:6860: result: func_convert_file_noop
configure:6867: checking for /usr/bin/ld option to reload object files
configure:6874: result: -r
configure:6948: checking for objdump
configure:6964: found /usr/bin/objdump
configure:6975: result: objdump
configure:7007: checking how to recognize dependent libraries
configure:7209: result: pass_all
configure:7294: checking for dlltool
configure:7324: result: no
configure:7354: checking how to associate runtime and link libraries
configure:7381: result: printf %s\n
configure:7441: checking for ar
configure:7457: found /usr/bin/ar
configure:7468: result: ar
configure:7505: checking for archiver @FILE support
configure:7522: gcc -c -g -O0  conftest.c >&5
configure:7522: $? = 0
configure:7525: ar cru libconftest.a @conftest.lst >&5
configure:7528: $? = 0
configure:7533: ar cru libconftest.a @conftest.lst >&5
ar: conftest.o: No such file or directory
configure:7536: $? = 1
configure:7548: result: @
configure:7606: checking for strip
configure:7622: found /usr/bin/strip
configure:7633: result: strip
configure:7705: checking for ranlib
configure:7721: found /usr/bin/ranlib
configure:7732: result: ranlib
configure:7834: checking command to parse /usr/bin/nm -B output from gcc object
configure:7953: gcc -c -g -O0  conftest.c >&5
configure:7956: $? = 0
configure:7960: /usr/bin/nm -B conftest.o \| sed -n -e 's/^.*[ ]\([ABCDGIRSTW][ABCDGIRSTW]*\)[ ][ ]*\([_A-Za-z][_A-Za-z0-9]*\)$/\1 \2 \2/p' | sed '/ __gnu_lto/d' \> conftest.nm
configure:7963: $? = 0
configure:8029: gcc -o conftest -g -O0   conftest.c conftstm.o >&5
configure:8032: $? = 0
configure:8070: result: ok
configure:8107: checking for sysroot
configure:8137: result: no
configure:8380: checking for mt
configure:8396: found /bin/mt
configure:8407: result: mt
configure:8430: checking if mt is a manifest tool
configure:8436: mt '-?'
configure:8444: result: no
configure:9073: checking for dlfcn.h
configure:9073: gcc -c -g -O0  conftest.c >&5
configure:9073: $? = 0
configure:9073: result: yes
configure:9271: checking for objdir
configure:9286: result: .libs
configure:9553: checking if gcc supports -fno-rtti -fno-exceptions
configure:9571: gcc -c -g -O0  -fno-rtti -fno-exceptions conftest.c >&5
cc1: warning: command line option '-fno-rtti' is valid for C++/ObjC++ but not for C [enabled by default]
configure:9575: $? = 0
configure:9588: result: no
configure:9898: checking for gcc option to produce PIC
configure:9905: result: -fPIC -DPIC
configure:9913: checking if gcc PIC flag -fPIC -DPIC works
configure:9931: gcc -c -g -O0  -fPIC -DPIC -DPIC conftest.c >&5
configure:9935: $? = 0
configure:9948: result: yes
configure:9977: checking if gcc static flag -static works
configure:10005: result: yes
configure:10020: checking if gcc supports -c -o file.o
configure:10041: gcc -c -g -O0  -o out/conftest2.o conftest.c >&5
configure:10045: $? = 0
configure:10067: result: yes
configure:10075: checking if gcc supports -c -o file.o
configure:10122: result: yes
configure:10155: checking whether the gcc linker (/usr/bin/ld) supports shared libraries
configure:11317: result: yes
configure:11354: checking whether -lc should be explicitly linked in
configure:11362: gcc -c -g -O0  conftest.c >&5
configure:11365: $? = 0
configure:11380: gcc -shared  -fPIC -DPIC conftest.o  -v -Wl,-soname -Wl,conftest -o conftest 2\>\&1 \| /bin/grep  -lc  \>/dev/null 2\>\&1
configure:11383: $? = 0
configure:11397: result: no
configure:11562: checking dynamic linker characteristics
configure:12077: gcc -o conftest -g -O0   -Wl,-rpath -Wl,/foo conftest.c  >&5
configure:12077: $? = 0
configure:12311: result: GNU/Linux ld.so
configure:12418: checking how to hardcode library paths into programs
configure:12443: result: immediate
configure:12983: checking whether stripping libraries is possible
configure:12988: result: yes
configure:13023: checking if libtool supports shared libraries
configure:13025: result: yes
configure:13028: checking whether to build shared libraries
configure:13049: result: yes
configure:13052: checking whether to build static libraries
configure:13056: result: yes
configure:13079: checking how to run the C++ preprocessor
configure:13106: g++ -E  conftest.cpp
configure:13106: $? = 0
configure:13120: g++ -E  conftest.cpp
conftest.cpp:30:28: fatal error: ac_nonexistent.h: No such file or directory
compilation terminated.
configure:13120: $? = 1
configure: failed program was:
| /* confdefs.h */
| #define PACKAGE_NAME "gtk_foobar"
| #define PACKAGE_TARNAME "gtk_foobar"
| #define PACKAGE_VERSION "0.1"
| #define PACKAGE_STRING "gtk_foobar 0.1"
| #define PACKAGE_BUGREPORT ""
| #define PACKAGE_URL ""
| #define PACKAGE "gtk_foobar"
| #define VERSION "0.1"
| #define GETTEXT_PACKAGE "gtk_foobar"
| #define STDC_HEADERS 1
| #define HAVE_SYS_TYPES_H 1
| #define HAVE_SYS_STAT_H 1
| #define HAVE_STDLIB_H 1
| #define HAVE_STRING_H 1
| #define HAVE_MEMORY_H 1
| #define HAVE_STRINGS_H 1
| #define HAVE_INTTYPES_H 1
| #define HAVE_STDINT_H 1
| #define HAVE_UNISTD_H 1
| #define HAVE_LOCALE_H 1
| #define HAVE_LC_MESSAGES 1
| #define HAVE_BIND_TEXTDOMAIN_CODESET 1
| #define HAVE_GETTEXT 1
| #define HAVE_DCGETTEXT 1
| #define ENABLE_NLS 1
| #define HAVE_DLFCN_H 1
| #define LT_OBJDIR ".libs/"
| /* end confdefs.h.  */
| #include <ac_nonexistent.h>
configure:13145: result: g++ -E
configure:13165: g++ -E  conftest.cpp
configure:13165: $? = 0
configure:13179: g++ -E  conftest.cpp
conftest.cpp:30:28: fatal error: ac_nonexistent.h: No such file or directory
compilation terminated.
configure:13179: $? = 1
configure: failed program was:
| /* confdefs.h */
| #define PACKAGE_NAME "gtk_foobar"
| #define PACKAGE_TARNAME "gtk_foobar"
| #define PACKAGE_VERSION "0.1"
| #define PACKAGE_STRING "gtk_foobar 0.1"
| #define PACKAGE_BUGREPORT ""
| #define PACKAGE_URL ""
| #define PACKAGE "gtk_foobar"
| #define VERSION "0.1"
| #define GETTEXT_PACKAGE "gtk_foobar"
| #define STDC_HEADERS 1
| #define HAVE_SYS_TYPES_H 1
| #define HAVE_SYS_STAT_H 1
| #define HAVE_STDLIB_H 1
| #define HAVE_STRING_H 1
| #define HAVE_MEMORY_H 1
| #define HAVE_STRINGS_H 1
| #define HAVE_INTTYPES_H 1
| #define HAVE_STDINT_H 1
| #define HAVE_UNISTD_H 1
| #define HAVE_LOCALE_H 1
| #define HAVE_LC_MESSAGES 1
| #define HAVE_BIND_TEXTDOMAIN_CODESET 1
| #define HAVE_GETTEXT 1
| #define HAVE_DCGETTEXT 1
| #define ENABLE_NLS 1
| #define HAVE_DLFCN_H 1
| #define LT_OBJDIR ".libs/"
| /* end confdefs.h.  */
| #include <ac_nonexistent.h>
configure:13349: checking for ld used by g++
configure:13416: result: /usr/bin/ld
configure:13423: checking if the linker (/usr/bin/ld) is GNU ld
configure:13438: result: yes
configure:13493: checking whether the g++ linker (/usr/bin/ld) supports shared libraries
configure:14497: result: yes
configure:14532: g++ -c -g -O0  conftest.cpp >&5
configure:14535: $? = 0
configure:15055: checking for g++ option to produce PIC
configure:15062: result: -fPIC -DPIC
configure:15070: checking if g++ PIC flag -fPIC -DPIC works
configure:15088: g++ -c -g -O0  -fPIC -DPIC -DPIC conftest.cpp >&5
configure:15092: $? = 0
configure:15105: result: yes
configure:15128: checking if g++ static flag -static works
configure:15156: result: yes
configure:15168: checking if g++ supports -c -o file.o
configure:15189: g++ -c -g -O0  -o out/conftest2.o conftest.cpp >&5
configure:15193: $? = 0
configure:15215: result: yes
configure:15220: checking if g++ supports -c -o file.o
configure:15267: result: yes
configure:15297: checking whether the g++ linker (/usr/bin/ld) supports shared libraries
configure:15334: result: yes
configure:15477: checking dynamic linker characteristics
configure:16160: result: GNU/Linux ld.so
configure:16213: checking how to hardcode library paths into programs
configure:16238: result: immediate
configure:16354: checking for pkg-config
configure:16372: found /usr/bin/pkg-config
configure:16384: result: /usr/bin/pkg-config
configure:16409: checking pkg-config is at least version 0.9.0
configure:16412: result: yes
configure:16422: checking for GTK_FOOBAR
configure:16429: $PKG_CONFIG --exists --print-errors "gtk+-3.0 "
configure:16432: $? = 0
configure:16446: $PKG_CONFIG --exists --print-errors "gtk+-3.0 "
configure:16449: $? = 0
configure:16507: result: yes
configure:16655: creating ./config.status

## ---------------------- ##
## Running config.status. ##
## ---------------------- ##

This file was extended by gtk_foobar config.status 0.1, which was
generated by GNU Autoconf 2.68.  Invocation command line was

  CONFIG_FILES    = 
  CONFIG_HEADERS  = 
  CONFIG_LINKS    = 
  CONFIG_COMMANDS = 
  $ ./config.status 

on sgithens-Dell-DXP061

config.status:1232: creating Makefile
config.status:1232: creating src/Makefile
config.status:1232: creating po/Makefile.in
config.status:1232: creating config.h
config.status:1446: executing depfiles commands
config.status:1446: executing default-1 commands
config.status:1446: executing libtool commands
config.status:1446: executing po/stamp-it commands
configure:19189: WARNING: unrecognized options: --enable-maintainer-mode

## ---------------- ##
## Cache variables. ##
## ---------------- ##

ac_cv_build=i686-pc-linux-gnu
ac_cv_c_compiler_gnu=yes
ac_cv_cxx_compiler_gnu=yes
ac_cv_env_CCC_set=
ac_cv_env_CCC_value=
ac_cv_env_CC_set=
ac_cv_env_CC_value=
ac_cv_env_CFLAGS_set=set
ac_cv_env_CFLAGS_value='-g -O0'
ac_cv_env_CPPFLAGS_set=
ac_cv_env_CPPFLAGS_value=
ac_cv_env_CPP_set=
ac_cv_env_CPP_value=
ac_cv_env_CXXCPP_set=
ac_cv_env_CXXCPP_value=
ac_cv_env_CXXFLAGS_set=set
ac_cv_env_CXXFLAGS_value='-g -O0'
ac_cv_env_CXX_set=
ac_cv_env_CXX_value=
ac_cv_env_GTK_FOOBAR_CFLAGS_set=
ac_cv_env_GTK_FOOBAR_CFLAGS_value=
ac_cv_env_GTK_FOOBAR_LIBS_set=
ac_cv_env_GTK_FOOBAR_LIBS_value=
ac_cv_env_LDFLAGS_set=
ac_cv_env_LDFLAGS_value=
ac_cv_env_LIBS_set=
ac_cv_env_LIBS_value=
ac_cv_env_PKG_CONFIG_LIBDIR_set=
ac_cv_env_PKG_CONFIG_LIBDIR_value=
ac_cv_env_PKG_CONFIG_PATH_set=
ac_cv_env_PKG_CONFIG_PATH_value=
ac_cv_env_PKG_CONFIG_set=
ac_cv_env_PKG_CONFIG_value=
ac_cv_env_build_alias_set=
ac_cv_env_build_alias_value=
ac_cv_env_host_alias_set=
ac_cv_env_host_alias_value=
ac_cv_env_target_alias_set=
ac_cv_env_target_alias_value=
ac_cv_func_bind_textdomain_codeset=yes
ac_cv_func_dcgettext=yes
ac_cv_header_dlfcn_h=yes
ac_cv_header_inttypes_h=yes
ac_cv_header_libintl_h=yes
ac_cv_header_locale_h=yes
ac_cv_header_memory_h=yes
ac_cv_header_stdc=yes
ac_cv_header_stdint_h=yes
ac_cv_header_stdlib_h=yes
ac_cv_header_string_h=yes
ac_cv_header_strings_h=yes
ac_cv_header_sys_stat_h=yes
ac_cv_header_sys_types_h=yes
ac_cv_header_unistd_h=yes
ac_cv_host=i686-pc-linux-gnu
ac_cv_objext=o
ac_cv_path_EGREP='/bin/grep -E'
ac_cv_path_FGREP='/bin/grep -F'
ac_cv_path_GMSGFMT=/usr/bin/msgfmt
ac_cv_path_GREP=/bin/grep
ac_cv_path_INTLTOOL_EXTRACT=/usr/bin/intltool-extract
ac_cv_path_INTLTOOL_MERGE=/usr/bin/intltool-merge
ac_cv_path_INTLTOOL_PERL=/usr/bin/perl
ac_cv_path_INTLTOOL_UPDATE=/usr/bin/intltool-update
ac_cv_path_MSGFMT=/usr/bin/msgfmt
ac_cv_path_MSGMERGE=/usr/bin/msgmerge
ac_cv_path_SED=/bin/sed
ac_cv_path_XGETTEXT=/usr/bin/xgettext
ac_cv_path_ac_pt_PKG_CONFIG=/usr/bin/pkg-config
ac_cv_path_install='/usr/bin/install -c'
ac_cv_path_mkdir=/bin/mkdir
ac_cv_prog_AWK=gawk
ac_cv_prog_CPP='gcc -E'
ac_cv_prog_CXXCPP='g++ -E'
ac_cv_prog_ac_ct_AR=ar
ac_cv_prog_ac_ct_CC=gcc
ac_cv_prog_ac_ct_CXX=g++
ac_cv_prog_ac_ct_MANIFEST_TOOL=mt
ac_cv_prog_ac_ct_OBJDUMP=objdump
ac_cv_prog_ac_ct_RANLIB=ranlib
ac_cv_prog_ac_ct_STRIP=strip
ac_cv_prog_cc_c89=
ac_cv_prog_cc_g=yes
ac_cv_prog_cxx_g=yes
ac_cv_prog_make_make_set=yes
am_cv_CC_dependencies_compiler_type=gcc3
am_cv_CXX_dependencies_compiler_type=gcc3
am_cv_val_LC_MESSAGES=yes
gt_cv_func_dgettext_libc=yes
gt_cv_func_dgettext_libintl=no
gt_cv_func_ngettext_libc=yes
gt_cv_have_gettext=yes
lt_cv_ar_at_file=@
lt_cv_archive_cmds_need_lc=no
lt_cv_deplibs_check_method=pass_all
lt_cv_file_magic_cmd='$MAGIC_CMD'
lt_cv_file_magic_test_file=
lt_cv_ld_reload_flag=-r
lt_cv_nm_interface='BSD nm'
lt_cv_objdir=.libs
lt_cv_path_LD=/usr/bin/ld
lt_cv_path_LDCXX=/usr/bin/ld
lt_cv_path_NM='/usr/bin/nm -B'
lt_cv_path_mainfest_tool=no
lt_cv_prog_compiler_c_o=yes
lt_cv_prog_compiler_c_o_CXX=yes
lt_cv_prog_compiler_pic='-fPIC -DPIC'
lt_cv_prog_compiler_pic_CXX='-fPIC -DPIC'
lt_cv_prog_compiler_pic_works=yes
lt_cv_prog_compiler_pic_works_CXX=yes
lt_cv_prog_compiler_rtti_exceptions=no
lt_cv_prog_compiler_static_works=yes
lt_cv_prog_compiler_static_works_CXX=yes
lt_cv_prog_gnu_ld=yes
lt_cv_prog_gnu_ldcxx=yes
lt_cv_sharedlib_from_linklib_cmd='printf %s\n'
lt_cv_shlibpath_overrides_runpath=no
lt_cv_sys_global_symbol_pipe='sed -n -e '\''s/^.*[	 ]\([ABCDGIRSTW][ABCDGIRSTW]*\)[	 ][	 ]*\([_A-Za-z][_A-Za-z0-9]*\)$/\1 \2 \2/p'\'' | sed '\''/ __gnu_lto/d'\'''
lt_cv_sys_global_symbol_to_c_name_address='sed -n -e '\''s/^: \([^ ]*\)[ ]*$/  {\"\1\", (void *) 0},/p'\'' -e '\''s/^[ABCDGIRSTW]* \([^ ]*\) \([^ ]*\)$/  {"\2", (void *) \&\2},/p'\'''
lt_cv_sys_global_symbol_to_c_name_address_lib_prefix='sed -n -e '\''s/^: \([^ ]*\)[ ]*$/  {\"\1\", (void *) 0},/p'\'' -e '\''s/^[ABCDGIRSTW]* \([^ ]*\) \(lib[^ ]*\)$/  {"\2", (void *) \&\2},/p'\'' -e '\''s/^[ABCDGIRSTW]* \([^ ]*\) \([^ ]*\)$/  {"lib\2", (void *) \&\2},/p'\'''
lt_cv_sys_global_symbol_to_cdecl='sed -n -e '\''s/^T .* \(.*\)$/extern int \1();/p'\'' -e '\''s/^[ABCDGIRSTW]* .* \(.*\)$/extern char \1;/p'\'''
lt_cv_sys_max_cmd_len=1572864
lt_cv_to_host_file_cmd=func_convert_file_noop
lt_cv_to_tool_file_cmd=func_convert_file_noop
pkg_cv_GTK_FOOBAR_CFLAGS='-pthread -DGSEAL_ENABLE -I/usr/include/atk-1.0 -I/usr/include/cairo -I/usr/include/gdk-pixbuf-2.0 -I/usr/include/pango-1.0 -I/usr/include/gio-unix-2.0/ -I/usr/include/glib-2.0 -I/usr/lib/i386-linux-gnu/glib-2.0/include -I/usr/include/pixman-1 -I/usr/include/freetype2 -I/usr/include/libpng12 -I/usr/include/gtk-3.0  '
pkg_cv_GTK_FOOBAR_LIBS='-pthread -lgtk-3 -lgdk-3 -latk-1.0 -lcairo-gobject -lgio-2.0 -lpangoft2-1.0 -lpangocairo-1.0 -lgdk_pixbuf-2.0 -lcairo -lpango-1.0 -lfreetype -lfontconfig -lgobject-2.0 -lgmodule-2.0 -lgthread-2.0 -lrt -lglib-2.0  '

## ----------------- ##
## Output variables. ##
## ----------------- ##

ACLOCAL='${SHELL} /home/sgithens/code/gtk-foobar/missing --run aclocal-1.11'
ALL_LINGUAS=''
AMDEPBACKSLASH='\'
AMDEP_FALSE='#'
AMDEP_TRUE=''
AMTAR='${SHELL} /home/sgithens/code/gtk-foobar/missing --run tar'
AM_BACKSLASH='\'
AM_DEFAULT_VERBOSITY='0'
AR='ar'
AUTOCONF='${SHELL} /home/sgithens/code/gtk-foobar/missing --run autoconf'
AUTOHEADER='${SHELL} /home/sgithens/code/gtk-foobar/missing --run autoheader'
AUTOMAKE='${SHELL} /home/sgithens/code/gtk-foobar/missing --run automake-1.11'
AWK='gawk'
CATALOGS=''
CATOBJEXT='.gmo'
CC='gcc'
CCDEPMODE='depmode=gcc3'
CFLAGS='-g -O0'
CPP='gcc -E'
CPPFLAGS=''
CXX='g++'
CXXCPP='g++ -E'
CXXDEPMODE='depmode=gcc3'
CXXFLAGS='-g -O0'
CYGPATH_W='echo'
DATADIRNAME='share'
DEFS='-DHAVE_CONFIG_H'
DEPDIR='.deps'
DLLTOOL='false'
DSYMUTIL=''
DUMPBIN=''
ECHO_C=''
ECHO_N='-n'
ECHO_T=''
EGREP='/bin/grep -E'
EXEEXT=''
FGREP='/bin/grep -F'
GETTEXT_PACKAGE='gtk_foobar'
GMOFILES=''
GMSGFMT='/usr/bin/msgfmt'
GREP='/bin/grep'
GTK_FOOBAR_CFLAGS='-pthread -DGSEAL_ENABLE -I/usr/include/atk-1.0 -I/usr/include/cairo -I/usr/include/gdk-pixbuf-2.0 -I/usr/include/pango-1.0 -I/usr/include/gio-unix-2.0/ -I/usr/include/glib-2.0 -I/usr/lib/i386-linux-gnu/glib-2.0/include -I/usr/include/pixman-1 -I/usr/include/freetype2 -I/usr/include/libpng12 -I/usr/include/gtk-3.0  '
GTK_FOOBAR_LIBS='-pthread -lgtk-3 -lgdk-3 -latk-1.0 -lcairo-gobject -lgio-2.0 -lpangoft2-1.0 -lpangocairo-1.0 -lgdk_pixbuf-2.0 -lcairo -lpango-1.0 -lfreetype -lfontconfig -lgobject-2.0 -lgmodule-2.0 -lgthread-2.0 -lrt -lglib-2.0  '
INSTALL_DATA='${INSTALL} -m 644'
INSTALL_PROGRAM='${INSTALL}'
INSTALL_SCRIPT='${INSTALL}'
INSTALL_STRIP_PROGRAM='$(install_sh) -c -s'
INSTOBJEXT='.mo'
INTLLIBS=''
INTLTOOL_CAVES_RULE='%.caves:     %.caves.in     $(INTLTOOL_MERGE) $(wildcard $(top_srcdir)/po/*.po) ; LC_ALL=C $(INTLTOOL_MERGE) -d -u -c $(top_builddir)/po/.intltool-merge-cache $(top_srcdir)/po $< $@'
INTLTOOL_DESKTOP_RULE='%.desktop:   %.desktop.in   $(INTLTOOL_MERGE) $(wildcard $(top_srcdir)/po/*.po) ; LC_ALL=C $(INTLTOOL_MERGE) -d -u -c $(top_builddir)/po/.intltool-merge-cache $(top_srcdir)/po $< $@'
INTLTOOL_DIRECTORY_RULE='%.directory: %.directory.in $(INTLTOOL_MERGE) $(wildcard $(top_srcdir)/po/*.po) ; LC_ALL=C $(INTLTOOL_MERGE) -d -u -c $(top_builddir)/po/.intltool-merge-cache $(top_srcdir)/po $< $@'
INTLTOOL_EXTRACT='/usr/bin/intltool-extract'
INTLTOOL_KBD_RULE='%.kbd:       %.kbd.in       $(INTLTOOL_MERGE) $(wildcard $(top_srcdir)/po/*.po) ; LC_ALL=C $(INTLTOOL_MERGE) -x -u -m -c $(top_builddir)/po/.intltool-merge-cache $(top_srcdir)/po $< $@'
INTLTOOL_KEYS_RULE='%.keys:      %.keys.in      $(INTLTOOL_MERGE) $(wildcard $(top_srcdir)/po/*.po) ; LC_ALL=C $(INTLTOOL_MERGE) -k -u -c $(top_builddir)/po/.intltool-merge-cache $(top_srcdir)/po $< $@'
INTLTOOL_MERGE='/usr/bin/intltool-merge'
INTLTOOL_OAF_RULE='%.oaf:       %.oaf.in       $(INTLTOOL_MERGE) $(wildcard $(top_srcdir)/po/*.po) ; LC_ALL=C $(INTLTOOL_MERGE) -o -p $(top_srcdir)/po $< $@'
INTLTOOL_PERL='/usr/bin/perl'
INTLTOOL_POLICY_RULE='%.policy:    %.policy.in    $(INTLTOOL_MERGE) $(wildcard $(top_srcdir)/po/*.po) ; LC_ALL=C $(INTLTOOL_MERGE) -x -u -c $(top_builddir)/po/.intltool-merge-cache $(top_srcdir)/po $< $@'
INTLTOOL_PONG_RULE='%.pong:      %.pong.in      $(INTLTOOL_MERGE) $(wildcard $(top_srcdir)/po/*.po) ; LC_ALL=C $(INTLTOOL_MERGE) -x -u -c $(top_builddir)/po/.intltool-merge-cache $(top_srcdir)/po $< $@'
INTLTOOL_PROP_RULE='%.prop:      %.prop.in      $(INTLTOOL_MERGE) $(wildcard $(top_srcdir)/po/*.po) ; LC_ALL=C $(INTLTOOL_MERGE) -d -u -c $(top_builddir)/po/.intltool-merge-cache $(top_srcdir)/po $< $@'
INTLTOOL_SCHEMAS_RULE='%.schemas:   %.schemas.in   $(INTLTOOL_MERGE) $(wildcard $(top_srcdir)/po/*.po) ; LC_ALL=C $(INTLTOOL_MERGE) -s -u -c $(top_builddir)/po/.intltool-merge-cache $(top_srcdir)/po $< $@'
INTLTOOL_SERVER_RULE='%.server:    %.server.in    $(INTLTOOL_MERGE) $(wildcard $(top_srcdir)/po/*.po) ; LC_ALL=C $(INTLTOOL_MERGE) -o -u -c $(top_builddir)/po/.intltool-merge-cache $(top_srcdir)/po $< $@'
INTLTOOL_SERVICE_RULE='%.service: %.service.in   $(INTLTOOL_MERGE) $(wildcard $(top_srcdir)/po/*.po) ; LC_ALL=C $(INTLTOOL_MERGE) -d -u -c $(top_builddir)/po/.intltool-merge-cache $(top_srcdir)/po $< $@'
INTLTOOL_SHEET_RULE='%.sheet:     %.sheet.in     $(INTLTOOL_MERGE) $(wildcard $(top_srcdir)/po/*.po) ; LC_ALL=C $(INTLTOOL_MERGE) -x -u -c $(top_builddir)/po/.intltool-merge-cache $(top_srcdir)/po $< $@'
INTLTOOL_SOUNDLIST_RULE='%.soundlist: %.soundlist.in $(INTLTOOL_MERGE) $(wildcard $(top_srcdir)/po/*.po) ; LC_ALL=C $(INTLTOOL_MERGE) -d -u -c $(top_builddir)/po/.intltool-merge-cache $(top_srcdir)/po $< $@'
INTLTOOL_THEME_RULE='%.theme:     %.theme.in     $(INTLTOOL_MERGE) $(wildcard $(top_srcdir)/po/*.po) ; LC_ALL=C $(INTLTOOL_MERGE) -d -u -c $(top_builddir)/po/.intltool-merge-cache $(top_srcdir)/po $< $@'
INTLTOOL_UI_RULE='%.ui:        %.ui.in        $(INTLTOOL_MERGE) $(wildcard $(top_srcdir)/po/*.po) ; LC_ALL=C $(INTLTOOL_MERGE) -x -u -c $(top_builddir)/po/.intltool-merge-cache $(top_srcdir)/po $< $@'
INTLTOOL_UPDATE='/usr/bin/intltool-update'
INTLTOOL_XAM_RULE='%.xam:       %.xml.in       $(INTLTOOL_MERGE) $(wildcard $(top_srcdir)/po/*.po) ; LC_ALL=C $(INTLTOOL_MERGE) -x -u -c $(top_builddir)/po/.intltool-merge-cache $(top_srcdir)/po $< $@'
INTLTOOL_XML_NOMERGE_RULE='%.xml:       %.xml.in       $(INTLTOOL_MERGE) ; LC_ALL=C $(INTLTOOL_MERGE) -x -u /tmp $< $@'
INTLTOOL_XML_RULE='%.xml:       %.xml.in       $(INTLTOOL_MERGE) $(wildcard $(top_srcdir)/po/*.po) ; LC_ALL=C $(INTLTOOL_MERGE) -x -u -c $(top_builddir)/po/.intltool-merge-cache $(top_srcdir)/po $< $@'
LD='/usr/bin/ld'
LDFLAGS=''
LIBOBJS=''
LIBS=''
LIBTOOL='$(SHELL) $(top_builddir)/libtool'
LIPO=''
LN_S='ln -s'
LTLIBOBJS=''
MAKEINFO='${SHELL} /home/sgithens/code/gtk-foobar/missing --run makeinfo'
MANIFEST_TOOL=':'
MKDIR_P='/bin/mkdir -p'
MKINSTALLDIRS='/home/sgithens/code/gtk-foobar/mkinstalldirs'
MSGFMT='/usr/bin/msgfmt'
MSGFMT_OPTS='-c'
MSGMERGE='/usr/bin/msgmerge'
NM='/usr/bin/nm -B'
NMEDIT=''
OBJDUMP='objdump'
OBJEXT='o'
OTOOL64=''
OTOOL=''
PACKAGE='gtk_foobar'
PACKAGE_BUGREPORT=''
PACKAGE_NAME='gtk_foobar'
PACKAGE_STRING='gtk_foobar 0.1'
PACKAGE_TARNAME='gtk_foobar'
PACKAGE_URL=''
PACKAGE_VERSION='0.1'
PATH_SEPARATOR=':'
PKG_CONFIG='/usr/bin/pkg-config'
PKG_CONFIG_LIBDIR=''
PKG_CONFIG_PATH=''
POFILES=''
POSUB='po'
PO_IN_DATADIR_FALSE=''
PO_IN_DATADIR_TRUE=''
RANLIB='ranlib'
SED='/bin/sed'
SET_MAKE=''
SHELL='/bin/bash'
STRIP='strip'
USE_NLS='yes'
VERSION='0.1'
XGETTEXT='/usr/bin/xgettext'
ac_ct_AR='ar'
ac_ct_CC='gcc'
ac_ct_CXX='g++'
ac_ct_DUMPBIN=''
am__EXEEXT_FALSE=''
am__EXEEXT_TRUE='#'
am__fastdepCC_FALSE='#'
am__fastdepCC_TRUE=''
am__fastdepCXX_FALSE='#'
am__fastdepCXX_TRUE=''
am__include='include'
am__isrc=' -I$(srcdir)'
am__leading_dot='.'
am__quote=''
am__tar='${AMTAR} chof - "$$tardir"'
am__untar='${AMTAR} xf -'
bindir='${exec_prefix}/bin'
build='i686-pc-linux-gnu'
build_alias=''
build_cpu='i686'
build_os='linux-gnu'
build_vendor='pc'
datadir='${datarootdir}'
datarootdir='${prefix}/share'
docdir='${datarootdir}/doc/${PACKAGE_TARNAME}'
dvidir='${docdir}'
exec_prefix='${prefix}'
host='i686-pc-linux-gnu'
host_alias=''
host_cpu='i686'
host_os='linux-gnu'
host_vendor='pc'
htmldir='${docdir}'
includedir='${prefix}/include'
infodir='${datarootdir}/info'
install_sh='${SHELL} /home/sgithens/code/gtk-foobar/install-sh'
libdir='${exec_prefix}/lib'
libexecdir='${exec_prefix}/libexec'
localedir='${datarootdir}/locale'
localstatedir='${prefix}/var'
mandir='${datarootdir}/man'
mkdir_p='/bin/mkdir -p'
oldincludedir='/usr/include'
pdfdir='${docdir}'
prefix='/usr/local'
program_transform_name='s,x,x,'
psdir='${docdir}'
sbindir='${exec_prefix}/sbin'
sharedstatedir='${prefix}/com'
sysconfdir='${prefix}/etc'
target_alias=''

## ----------- ##
## confdefs.h. ##
## ----------- ##

/* confdefs.h */
#define PACKAGE_NAME "gtk_foobar"
#define PACKAGE_TARNAME "gtk_foobar"
#define PACKAGE_VERSION "0.1"
#define PACKAGE_STRING "gtk_foobar 0.1"
#define PACKAGE_BUGREPORT ""
#define PACKAGE_URL ""
#define PACKAGE "gtk_foobar"
#define VERSION "0.1"
#define GETTEXT_PACKAGE "gtk_foobar"
#define STDC_HEADERS 1
#define HAVE_SYS_TYPES_H 1
#define HAVE_SYS_STAT_H 1
#define HAVE_STDLIB_H 1
#define HAVE_STRING_H 1
#define HAVE_MEMORY_H 1
#define HAVE_STRINGS_H 1
#define HAVE_INTTYPES_H 1
#define HAVE_STDINT_H 1
#define HAVE_UNISTD_H 1
#define HAVE_LOCALE_H 1
#define HAVE_LC_MESSAGES 1
#define HAVE_BIND_TEXTDOMAIN_CODESET 1
#define HAVE_GETTEXT 1
#define HAVE_DCGETTEXT 1
#define ENABLE_NLS 1
#define HAVE_DLFCN_H 1
#define LT_OBJDIR ".libs/"

configure: exit 0
