# project noname (0.0.1) configured on Sun Feb  5 10:43:26 2012 by
# waf 1.5.16 (abi 7, python 20702f0 on linux2)
# using /usr/local/bin/node-waf configure build
#

----------------------------------------
Checking for program g++ or c++
  find program=['g++', 'c++'] paths=[] var='CXX'
  -> '/usr/bin/g++'

----------------------------------------
Checking for program cpp
  find program=['cpp'] paths=[] var='CPP'
  -> '/usr/bin/cpp'

----------------------------------------
Checking for program ar
  find program=['ar'] paths=[] var='AR'
  -> '/usr/bin/ar'

----------------------------------------
Checking for program ranlib
  find program=['ranlib'] paths=[] var='RANLIB'
  -> '/usr/bin/ranlib'

----------------------------------------
Checking for g++ 
ok 

----------------------------------------
Checking for node path 
not found

----------------------------------------
Checking for node prefix 
ok /usr/local

----------------------------------------
Checking for gtk+-3.0
pkg-config --errors-to-stdout --print-errors --cflags --libs gtk+-3.0
-pthread -DGSEAL_ENABLE -I/usr/include/atk-1.0 -I/usr/include/cairo -I/usr/include/gdk-pixbuf-2.0 -I/usr/include/pango-1.0 -I/usr/include/gio-unix-2.0/ -I/usr/include/glib-2.0 -I/usr/lib/i386-linux-gnu/glib-2.0/include -I/usr/include/pixman-1 -I/usr/include/freetype2 -I/usr/include/libpng12 -I/usr/include/gtk-3.0  -pthread -lgtk-3 -lgdk-3 -latk-1.0 -lcairo-gobject -lgio-2.0 -lpangoft2-1.0 -lpangocairo-1.0 -lgdk_pixbuf-2.0 -lcairo -lpango-1.0 -lfreetype -lfontconfig -lgobject-2.0 -lgmodule-2.0 -lgthread-2.0 -lrt -lglib-2.0  
yes

----------------------------------------
Checking for gio-2.0
pkg-config --errors-to-stdout --print-errors --cflags --libs gio-2.0
-pthread -I/usr/include/glib-2.0 -I/usr/lib/i386-linux-gnu/glib-2.0/include  -pthread -lgio-2.0 -lgobject-2.0 -lgmodule-2.0 -lgthread-2.0 -lrt -lglib-2.0  
yes

----------------------------------------
Checking for glib-2.0
pkg-config --errors-to-stdout --print-errors --cflags --libs glib-2.0
-I/usr/include/glib-2.0 -I/usr/lib/i386-linux-gnu/glib-2.0/include  -lglib-2.0  
yes
